<?xml version="1.0" encoding="UTF-8"?>
<testsuite xmlns:xsi="http://www.w3.org/2001/XMLSchema-instance" xsi:noNamespaceSchemaLocation="https://maven.apache.org/surefire/maven-surefire-plugin/xsd/surefire-test-report.xsd" name="TesteFilmes.Filmes.AllTests" time="11.889" tests="2" errors="0" skipped="0" failures="1">
  <properties>
[...]
</properties>
  <testcase name="buscarDiretorFilmes" classname="TesteFilmes.Filmes.test.BuscaFilmeGoogle" time="10.215">
    <failure message="Connection refused: connect" type="java.lang.AssertionError">java.lang.AssertionError: Connection refused: connect
	at TesteFilmes.Filmes.test.BuscaFilmeGoogle.buscarDiretorFilmes(BuscaFilmeGoogle.java:51)
</failure>
    <system-out><![CDATA[00:46:07.519 [main] DEBUG org.apache.http.impl.conn.BasicClientConnectionManager - Get connection for route {}->http://localhost:8080
00:46:07.535 [main] DEBUG org.apache.http.impl.conn.DefaultClientConnectionOperator - Connecting to localhost:8080
00:46:08.541 [main] DEBUG org.apache.http.impl.conn.DefaultClientConnectionOperator - Connect to localhost:8080 timed out. Connection will be retried using another IP address
00:46:08.541 [main] DEBUG org.apache.http.impl.conn.DefaultClientConnectionOperator - Connecting to localhost:8080
00:46:09.543 [main] DEBUG org.apache.http.impl.conn.DefaultClientConnection - Connection org.apache.http.impl.conn.DefaultClientConnection@48d7ad8b closed
00:46:09.543 [main] DEBUG org.apache.http.impl.conn.DefaultClientConnection - Connection org.apache.http.impl.conn.DefaultClientConnection@48d7ad8b shut down
00:46:09.544 [main] DEBUG org.apache.http.impl.conn.BasicClientConnectionManager - Releasing connection org.apache.http.impl.conn.ManagedClientConnectionImpl@7e053511
]]></system-out>
    <system-err><![CDATA[Starting ChromeDriver 2.37.544315 (730aa6a5fdba159ac9f4c1e8cbc59bf1b5ce12b7) on port 44982
Only local connections are allowed.
mai 01, 2019 12:46:05 AM org.openqa.selenium.remote.ProtocolHandshake createSession
INFORMAÇÕES: Detected dialect: OSS
]]></system-err>
  </testcase>
  <testcase name="restAssuredTeste" classname="TesteFilmes.Filmes.test.RestAssuredTest" time="1.601"/>
</testsuite>